#
# A fatal error has been detected by the Java Runtime Environment:
#
#  SIGSEGV (0xb) at pc=0x00007fff82a59097, pid=5868, tid=1287
#
# JRE version: 7.0_25-b15
# Java VM: Java HotSpot(TM) 64-Bit Server VM (23.25-b01 mixed mode bsd-amd64 compressed oops)
# Problematic frame:
# C  [libobjc.A.dylib+0x5097]  objc_msgSend+0x17
#
# Failed to write core dump. Core dumps have been disabled. To enable core dumping, try "ulimit -c unlimited" before starting Java again
#
# If you would like to submit a bug report, please visit:
#   http://bugreport.sun.com/bugreport/crash.jsp
# The crash happened outside the Java Virtual Machine in native code.
# See problematic frame for where to report the bug.
#

---------------  T H R E A D  ---------------

Current thread (0x00007ffc72049000):  JavaThread "AppKit Thread" daemon [_thread_in_native, id=1287, stack(0x00007fff520db000,0x00007fff5215b000)]

siginfo:si_signo=SIGSEGV: si_errno=0, si_code=0 (SEGV0), si_addr=0x0000000000000000

Registers:
RAX=0x00007ffc707f1490, RBX=0x00000000000f42fc, RCX=0x0000000000000000, RDX=0x00007ffc72e07a10
RSP=0x00007fff52156128, RBP=0x00007fff52156130, RSI=0x00007fff85fefb9f, RDI=0x00007ffc707f1490
R8 =0x0000000000000040, R9 =0x00007fff52156100, R10=0x00007fff85fefb9f, R11=0x200007ffc72ba1c4
R12=0x00000000000f42fc, R13=0x00007fff521562f8, R14=0x00007ffc72e06d40, R15=0x00007fff52156258
RIP=0x00007fff82a59097, EFLAGS=0x0000000000010246, ERR=0x0000000000000000
  TRAPNO=0x000000000000000d

Top of Stack: (sp=0x00007fff52156128)
0x00007fff52156128:   00007fff8ce24e0c 00007fff52156490
0x00007fff52156138:   00007fff8cd18a6d 0000000000000003
0x00007fff52156148:   000000010dac1a00 00007fff52156190
0x00007fff52156158:   00007fff88827272 00000000000007b0
0x00007fff52156168:   00000000000f42fe 0000000000000002
0x00007fff52156178:   00007ffc707f2910 00007ffc707f23b0
0x00007fff52156188:   00007ffc70711200 00007ffc72e07a10
0x00007fff52156198:   00007fff52156250 0000000000000000
0x00007fff521561a8:   00000000000f42fc 0000000000000052
0x00007fff521561b8:   00007fff521562d0 0000000000000000
0x00007fff521561c8:   0000000000000001 00007ffc707111f0
0x00007fff521561d8:   0000000000000050 00000000000c28e3
0x00007fff521561e8:   0000010000000000 00007fff73b9aa60
0x00007fff521561f8:   0000206000b7a6ea 00007fff52156350
0x00007fff52156208:   0000000000000000 00007fff521562e8
0x00007fff52156218:   00007fff521562c8 00007fff73b9aa48
0x00007fff52156228:   0000000000000000 000000000000000f
0x00007fff52156238:   00007fff89b7a6ea 00007fff73523d38
0x00007fff52156248:   0000000000000000 00007ffc707f2990
0x00007fff52156258:   00007ffc72e06d40 00007fff83820b08
0x00007fff52156268:   0000000000000000 00007fff52156330
0x00007fff52156278:   00007fff88b69dde 00007fff72d8e0d0
0x00007fff52156288:   0000000042000000 00007fff88b721d1
0x00007fff52156298:   00007fff73b76b40 00007fff52156398
0x00007fff521562a8:   00007fff521562c8 00007fff521562e8
0x00007fff521562b8:   0000000000000000 000000010dabe001
0x00007fff521562c8:   0000000000000000 000000000000004e
0x00007fff521562d8:   0000000000000000 00000000000f42f5
0x00007fff521562e8:   0000000000000050 0000000000000000
0x00007fff521562f8:   00000000000f42fc 00000001521563a0
0x00007fff52156308:   00007fff89b7b261 00007fff723c3748
0x00007fff52156318:   00007fff723c374c 00000000723bf1b8 

Instructions: (pc=0x00007fff82a59097)
0x00007fff82a59077:   90 90 90 90 90 90 90 90 90 48 85 ff 2e 74 72 40
0x00007fff82a59087:   f6 c7 01 2e 0f 85 7e 00 00 00 4c 8b 1f 49 89 f2
0x00007fff82a59097:   45 23 53 18 49 c1 e2 04 4d 03 53 10 49 3b 32 75
0x00007fff82a590a7:   04 41 ff 62 08 49 83 3a 00 74 74 4d 3b 53 10 74 

Register to memory mapping:

RAX=0x00007ffc707f1490 is an unknown value
RBX=0x00000000000f42fc is an unknown value
RCX=0x0000000000000000 is an unknown value
RDX=0x00007ffc72e07a10 is an unknown value
RSP=0x00007fff52156128 is pointing into the stack for thread: 0x00007ffc72049000
RBP=0x00007fff52156130 is pointing into the stack for thread: 0x00007ffc72049000
RSI=0x00007fff85fefb9f: NSAppKitVersionNumber+0x5358f in /System/Library/Frameworks/AppKit.framework/Versions/C/AppKit at 0x00007fff8554c000
RDI=0x00007ffc707f1490 is an unknown value
R8 =0x0000000000000040 is an unknown value
R9 =0x00007fff52156100 is pointing into the stack for thread: 0x00007ffc72049000
R10=0x00007fff85fefb9f: NSAppKitVersionNumber+0x5358f in /System/Library/Frameworks/AppKit.framework/Versions/C/AppKit at 0x00007fff8554c000
R11=0x200007ffc72ba1c4 is an unknown value
R12=0x00000000000f42fc is an unknown value
R13=0x00007fff521562f8 is pointing into the stack for thread: 0x00007ffc72049000
R14=0x00007ffc72e06d40 is an unknown value
R15=0x00007fff52156258 is pointing into the stack for thread: 0x00007ffc72049000


Stack: [0x00007fff520db000,0x00007fff5215b000],  sp=0x00007fff52156128,  free space=492k
Native frames: (J=compiled Java code, j=interpreted, Vv=VM code, C=native code)
C  [libobjc.A.dylib+0x5097]  objc_msgSend+0x17
C  [CoreFoundation+0x10a6d]  _CFXNotificationPost+0xb4d
C  [Foundation+0x27ba]  -[NSNotificationCenter postNotificationName:object:userInfo:]+0x44
C  [AppKit+0x10f719]  -[NSSurface _disposeSurface]+0x98
C  [AppKit+0x10f1b5]  -[NSSurface setWindow:]+0x46
C  [AppKit+0x3b0b7]  -[NSView _setWindow:]+0x8ea
C  [AppKit+0x3c10a]  -[NSView removeFromSuperview]+0x15e
C  [AppKit+0x98889]  -[NSView removeFromSuperviewWithoutNeedingDisplay]+0x26
C  [liblwjgl.jnilib+0x936e]  +[MacOSXKeyableWindow destroyWindow]+0xde
C  [Foundation+0x6313e]  __NSThreadPerformPerform+0xe5
C  [CoreFoundation+0x7f731]  __CFRUNLOOP_IS_CALLING_OUT_TO_A_SOURCE0_PERFORM_FUNCTION__+0x11
C  [CoreFoundation+0x70ea2]  __CFRunLoopDoSources0+0xf2
C  [CoreFoundation+0x7062f]  __CFRunLoopRun+0x33f
C  [CoreFoundation+0x700b5]  CFRunLoopRunSpecific+0x135
C  [HIToolbox+0x2ea0d]  RunCurrentEventLoopInMode+0xe2
C  [HIToolbox+0x2e7b7]  ReceiveNextEventCommon+0x1df
C  [HIToolbox+0x2e5bc]  _BlockUntilNextEventMatchingListInModeWithFilter+0x41
C  [AppKit+0x243de]  _DPSNextEvent+0x59a
C  [AppKit+0x23a2b]  -[NSApplication nextEventMatchingMask:untilDate:inMode:dequeue:]+0x7a
C  [libosxapp.dylib+0x1b56]  -[NSApplicationAWT nextEventMatchingMask:untilDate:inMode:dequeue:]+0x7c
C  [AppKit+0x17b2c]  -[NSApplication run]+0x229
C  [libosxapp.dylib+0x19b9]  +[NSApplicationAWT runAWTLoopWithApp:]+0x9c
C  [liblwawt.dylib+0xe13e]  -[AWTStarter starter:]+0x637
C  [Foundation+0x6313e]  __NSThreadPerformPerform+0xe5
C  [CoreFoundation+0x7f731]  __CFRUNLOOP_IS_CALLING_OUT_TO_A_SOURCE0_PERFORM_FUNCTION__+0x11
C  [CoreFoundation+0x70ea2]  __CFRunLoopDoSources0+0xf2
C  [CoreFoundation+0x7062f]  __CFRunLoopRun+0x33f
C  [CoreFoundation+0x700b5]  CFRunLoopRunSpecific+0x135
C  [java+0x742d]  CreateExecutionEnvironment+0x367
C  [java+0x1bdc]  JLI_Launch+0x7a0
C  [java+0x778a]  main+0x65
C  [java+0x1434]  start+0x34


---------------  P R O C E S S  ---------------

Java Threads: ( => current thread )
  0x00007ffc70a1b800 JavaThread "AWT-Shutdown" [_thread_blocked, id=47631, stack(0x0000000134c89000,0x0000000134d89000)]
=>0x00007ffc72049000 JavaThread "AppKit Thread" daemon [_thread_in_native, id=1287, stack(0x00007fff520db000,0x00007fff5215b000)]
  0x00007ffc72018800 JavaThread "Service Thread" daemon [_thread_blocked, id=15619, stack(0x000000012f280000,0x000000012f380000)]
  0x00007ffc72018000 JavaThread "C2 CompilerThread1" daemon [_thread_blocked, id=15363, stack(0x000000012f17d000,0x000000012f27d000)]
  0x00007ffc72017000 JavaThread "C2 CompilerThread0" daemon [_thread_blocked, id=15107, stack(0x000000012f07a000,0x000000012f17a000)]
  0x00007ffc72016000 JavaThread "Signal Dispatcher" daemon [_thread_blocked, id=14851, stack(0x000000012ef77000,0x000000012f077000)]
  0x00007ffc72003000 JavaThread "Finalizer" daemon [_thread_blocked, id=9731, stack(0x000000012eca5000,0x000000012eda5000)]
  0x00007ffc72002000 JavaThread "Reference Handler" daemon [_thread_blocked, id=9475, stack(0x000000012eba2000,0x000000012eca2000)]
  0x00007ffc71001000 JavaThread "main" [_thread_in_native, id=5891, stack(0x000000010eeaa000,0x000000010efaa000)]

Other Threads:
  0x00007ffc71819000 VMThread [stack: 0x000000012ea9f000,0x000000012eb9f000] [id=9219]
  0x00007ffc7200a000 WatcherThread [stack: 0x000000012f383000,0x000000012f483000] [id=15875]

VM state:not at safepoint (normal execution)

VM Mutex/Monitor currently owned by a thread: None

Heap
 def new generation   total 7168K, used 2785K [0x0000000112090000, 0x0000000112850000, 0x0000000119c90000)
  eden space 6400K,  31% used [0x0000000112090000, 0x0000000112288598, 0x00000001126d0000)
  from space 768K, 100% used [0x00000001126d0000, 0x0000000112790000, 0x0000000112790000)
  to   space 768K,   0% used [0x0000000112790000, 0x0000000112790000, 0x0000000112850000)
 tenured generation   total 15872K, used 3974K [0x0000000119c90000, 0x000000011ac10000, 0x0000000129490000)
   the space 15872K,  25% used [0x0000000119c90000, 0x000000011a071b38, 0x000000011a071c00, 0x000000011ac10000)
 compacting perm gen  total 21248K, used 6943K [0x0000000129490000, 0x000000012a950000, 0x000000012e690000)
   the space 21248K,  32% used [0x0000000129490000, 0x0000000129b57f38, 0x0000000129b58000, 0x000000012a950000)
No shared spaces configured.

Card table byte_map: [0x000000012e690000,0x000000012e774000] byte_map_base: 0x000000012ddffb80

Polling page: 0x000000010dbf6000

Code Cache  [0x000000010efb5000, 0x000000010f225000, 0x0000000111fb5000)
 total_blobs=561 nmethods=218 adapters=295 free_code_cache=48266Kb largest_free_block=49395840

Compilation events (10 events):
Event: 15.645 Thread 0x00007ffc72017000 nmethod 214 0x000000010f0910d0 code [0x000000010f091200, 0x000000010f091258]
Event: 15.645 Thread 0x00007ffc72017000  215             org.newdawn.slick.GameContainer::updateFPS (48 bytes)
Event: 15.646 Thread 0x00007ffc72017000 nmethod 215 0x000000010f092750 code [0x000000010f092880, 0x000000010f092978]
Event: 15.646 Thread 0x00007ffc72017000  216             org.lwjgl.input.Controllers::poll (28 bytes)
Event: 15.647 Thread 0x00007ffc72017000 nmethod 216 0x000000010f092450 code [0x000000010f0925a0, 0x000000010f092648]
Event: 15.647 Thread 0x00007ffc72017000  217   !         org.lwjgl.opengl.Display::isCloseRequested (38 bytes)
Event: 15.648 Thread 0x00007ffc72017000 nmethod 217 0x000000010f091d50 code [0x000000010f091ec0, 0x000000010f092338]
Event: 15.648 Thread 0x00007ffc72017000  218   !         org.lwjgl.opengl.MacOSXDisplay::isCloseRequested (26 bytes)
Event: 15.650 Thread 0x00007ffc72017000 nmethod 218 0x000000010f091990 code [0x000000010f091ac0, 0x000000010f091cd8]
Event: 15.657 Thread 0x00007ffc72018000 nmethod 197 0x000000010f095d90 code [0x000000010f096180, 0x000000010f0978c8]

GC Heap History (4 events):
Event: 6.951 GC heap before
{Heap before GC invocations=0 (full 0):
 def new generation   total 7168K, used 6400K [0x0000000112090000, 0x0000000112850000, 0x0000000119c90000)
  eden space 6400K, 100% used [0x0000000112090000, 0x00000001126d0000, 0x00000001126d0000)
  from space 768K,   0% used [0x00000001126d0000, 0x00000001126d0000, 0x0000000112790000)
  to   space 768K,   0% used [0x0000000112790000, 0x0000000112790000, 0x0000000112850000)
 tenured generation   total 15872K, used 0K [0x0000000119c90000, 0x000000011ac10000, 0x0000000129490000)
   the space 15872K,   0% used [0x0000000119c90000, 0x0000000119c90000, 0x0000000119c90200, 0x000000011ac10000)
 compacting perm gen  total 21248K, used 5929K [0x0000000129490000, 0x000000012a950000, 0x000000012e690000)
   the space 21248K,  27% used [0x0000000129490000, 0x0000000129a5a640, 0x0000000129a5a800, 0x000000012a950000)
No shared spaces configured.
Event: 6.960 GC heap after
Heap after GC invocations=1 (full 0):
 def new generation   total 7168K, used 767K [0x0000000112090000, 0x0000000112850000, 0x0000000119c90000)
  eden space 6400K,   0% used [0x0000000112090000, 0x0000000112090000, 0x00000001126d0000)
  from space 768K,  99% used [0x0000000112790000, 0x000000011284fff8, 0x0000000112850000)
  to   space 768K,   0% used [0x00000001126d0000, 0x00000001126d0000, 0x0000000112790000)
 tenured generation   total 15872K, used 910K [0x0000000119c90000, 0x000000011ac10000, 0x0000000129490000)
   the space 15872K,   5% used [0x0000000119c90000, 0x0000000119d73a70, 0x0000000119d73c00, 0x000000011ac10000)
 compacting perm gen  total 21248K, used 5929K [0x0000000129490000, 0x000000012a950000, 0x000000012e690000)
   the space 21248K,  27% used [0x0000000129490000, 0x0000000129a5a640, 0x0000000129a5a800, 0x000000012a950000)
No shared spaces configured.
}
Event: 11.128 GC heap before
{Heap before GC invocations=1 (full 0):
 def new generation   total 7168K, used 7167K [0x0000000112090000, 0x0000000112850000, 0x0000000119c90000)
  eden space 6400K, 100% used [0x0000000112090000, 0x00000001126d0000, 0x00000001126d0000)
  from space 768K,  99% used [0x0000000112790000, 0x000000011284fff8, 0x0000000112850000)
  to   space 768K,   0% used [0x00000001126d0000, 0x00000001126d0000, 0x0000000112790000)
 tenured generation   total 15872K, used 910K [0x0000000119c90000, 0x000000011ac10000, 0x0000000129490000)
   the space 15872K,   5% used [0x0000000119c90000, 0x0000000119d73a70, 0x0000000119d73c00, 0x000000011ac10000)
 compacting perm gen  total 21248K, used 6937K [0x0000000129490000, 0x000000012a950000, 0x000000012e690000)
   the space 21248K,  32% used [0x0000000129490000, 0x0000000129b56400, 0x0000000129b56400, 0x000000012a950000)
No shared spaces configured.
Event: 11.143 GC heap after
Heap after GC invocations=2 (full 0):
 def new generation   total 7168K, used 768K [0x0000000112090000, 0x0000000112850000, 0x0000000119c90000)
  eden space 6400K,   0% used [0x0000000112090000, 0x0000000112090000, 0x00000001126d0000)
  from space 768K, 100% used [0x00000001126d0000, 0x0000000112790000, 0x0000000112790000)
  to   space 768K,   0% used [0x0000000112790000, 0x0000000112790000, 0x0000000112850000)
 tenured generation   total 15872K, used 3974K [0x0000000119c90000, 0x000000011ac10000, 0x0000000129490000)
   the space 15872K,  25% used [0x0000000119c90000, 0x000000011a071b38, 0x000000011a071c00, 0x000000011ac10000)
 compacting perm gen  total 21248K, used 6937K [0x0000000129490000, 0x000000012a950000, 0x000000012e690000)
   the space 21248K,  32% used [0x0000000129490000, 0x0000000129b56400, 0x0000000129b56400, 0x000000012a950000)
No shared spaces configured.
}

Deoptimization events (5 events):
Event: 6.962 Thread 0x00007ffc71001000 Uncommon trap 33 fr.pc 0x000000010f0331d0
Event: 7.833 Thread 0x00007ffc71001000 Uncommon trap -34 fr.pc 0x000000010f03600c
Event: 7.839 Thread 0x00007ffc71001000 Uncommon trap -34 fr.pc 0x000000010f03600c
Event: 8.841 Thread 0x00007ffc71001000 Uncommon trap -34 fr.pc 0x000000010f03600c
Event: 9.843 Thread 0x00007ffc71001000 Uncommon trap -34 fr.pc 0x000000010f03600c

Internal exceptions (10 events):
Event: 7.155 Thread 0x00007ffc71001000 Threw 0x00000001122ec360 at /HUDSON/workspace/jdk7u25-2-build-macosx-amd64-product/jdk7u25/hotspot/src/share/vm/prims/jvm.cpp:1235
Event: 7.156 Thread 0x00007ffc71001000 Threw 0x00000001122f1d48 at /HUDSON/workspace/jdk7u25-2-build-macosx-amd64-product/jdk7u25/hotspot/src/share/vm/prims/jvm.cpp:1235
Event: 7.159 Thread 0x00007ffc71001000 Threw 0x00000001122fbd38 at /HUDSON/workspace/jdk7u25-2-build-macosx-amd64-product/jdk7u25/hotspot/src/share/vm/prims/jvm.cpp:1235
Event: 7.159 Thread 0x00007ffc71001000 Threw 0x0000000112300c18 at /HUDSON/workspace/jdk7u25-2-build-macosx-amd64-product/jdk7u25/hotspot/src/share/vm/prims/jvm.cpp:1235
Event: 7.160 Thread 0x00007ffc71001000 Threw 0x0000000112305190 at /HUDSON/workspace/jdk7u25-2-build-macosx-amd64-product/jdk7u25/hotspot/src/share/vm/prims/jvm.cpp:1235
Event: 7.160 Thread 0x00007ffc71001000 Threw 0x000000011230be00 at /HUDSON/workspace/jdk7u25-2-build-macosx-amd64-product/jdk7u25/hotspot/src/share/vm/prims/jvm.cpp:1235
Event: 7.829 Thread 0x00007ffc71001000 Threw 0x00000001125ca030 at /HUDSON/workspace/jdk7u25-2-build-macosx-amd64-product/jdk7u25/hotspot/src/share/vm/prims/jvm.cpp:1235
Event: 7.830 Thread 0x00007ffc71001000 Threw 0x00000001125cf9a8 at /HUDSON/workspace/jdk7u25-2-build-macosx-amd64-product/jdk7u25/hotspot/src/share/vm/prims/jvm.cpp:1235
Event: 7.833 Thread 0x00007ffc71001000 Threw 0x00000001125d8288 at /HUDSON/workspace/jdk7u25-2-build-macosx-amd64-product/jdk7u25/hotspot/src/share/vm/prims/jvm.cpp:1235
Event: 17.393 Thread 0x00007ffc71001000 Threw 0x0000000112268ce0 at /HUDSON/workspace/jdk7u25-2-build-macosx-amd64-product/jdk7u25/hotspot/src/share/vm/prims/jvm.cpp:1235

Events (10 events):
Event: 11.846 loading class 0x00007ffc7070bfe0
Event: 11.846 loading class 0x00007ffc7070bfe0 done
Event: 13.206 Executing VM operation: RevokeBias
Event: 13.206 Executing VM operation: RevokeBias done
Event: 13.206 Executing VM operation: RevokeBias
Event: 13.206 Executing VM operation: RevokeBias done
Event: 13.206 Thread 0x00007ffc70831800 Thread exited: 0x00007ffc70831800
Event: 16.037 Thread 0x00007ffc70a1b800 Thread added: 0x00007ffc70a1b800
Event: 17.392 loading class 0x00007ffc707ef500
Event: 17.392 loading class 0x00007ffc707ef500 done


Dynamic libraries:
0x00000000022b2000 	/System/Library/Frameworks/Cocoa.framework/Versions/A/Cocoa
0x00000000022b2000 	/System/Library/Frameworks/Security.framework/Versions/A/Security
0x00000000022b2000 	/System/Library/Frameworks/ApplicationServices.framework/Versions/A/ApplicationServices
0x00000000022b2000 	/usr/lib/libz.1.dylib
0x00000000022b2000 	/usr/lib/libSystem.B.dylib
0x00000000022b2000 	/usr/lib/libobjc.A.dylib
0x00000000022b2000 	/System/Library/Frameworks/CoreFoundation.framework/Versions/A/CoreFoundation
0x00000000022b2000 	/System/Library/Frameworks/AppKit.framework/Versions/C/AppKit
0x00000000022b2000 	/System/Library/Frameworks/CoreData.framework/Versions/A/CoreData
0x00000000022b2000 	/System/Library/Frameworks/Foundation.framework/Versions/C/Foundation
0x00000000022b2000 	/System/Library/PrivateFrameworks/RemoteViewServices.framework/Versions/A/RemoteViewServices
0x00000000022b2000 	/System/Library/Frameworks/AudioToolbox.framework/Versions/A/AudioToolbox
0x00000000022b2000 	/System/Library/Frameworks/AudioUnit.framework/Versions/A/AudioUnit
0x00000000022b2000 	/System/Library/PrivateFrameworks/DataDetectorsCore.framework/Versions/A/DataDetectorsCore
0x00000000022b2000 	/System/Library/PrivateFrameworks/DesktopServicesPriv.framework/Versions/A/DesktopServicesPriv
0x00000000022b2000 	/System/Library/Frameworks/Carbon.framework/Versions/A/Frameworks/HIToolbox.framework/Versions/A/HIToolbox
0x00000000022b2000 	/System/Library/Frameworks/QuartzCore.framework/Versions/A/QuartzCore
0x00000000022b2000 	/System/Library/Frameworks/Carbon.framework/Versions/A/Frameworks/SpeechRecognition.framework/Versions/A/SpeechRecognition
0x00000000022b2000 	/usr/lib/libauto.dylib
0x00000000022b2000 	/usr/lib/libicucore.A.dylib
0x00000000022b2000 	/usr/lib/libxml2.2.dylib
0x00000000022b2000 	/System/Library/PrivateFrameworks/CoreUI.framework/Versions/A/CoreUI
0x00000000022b2000 	/System/Library/Frameworks/CoreAudio.framework/Versions/A/CoreAudio
0x00000000022b2000 	/System/Library/Frameworks/DiskArbitration.framework/Versions/A/DiskArbitration
0x00000000022b2000 	/usr/lib/liblangid.dylib
0x00000000022b2000 	/System/Library/PrivateFrameworks/MultitouchSupport.framework/Versions/A/MultitouchSupport
0x00000000022b2000 	/System/Library/Frameworks/IOKit.framework/Versions/A/IOKit
0x00000000022b2000 	/usr/lib/libDiagnosticMessagesClient.dylib
0x00000000022b2000 	/System/Library/Frameworks/CoreServices.framework/Versions/A/CoreServices
0x00000000022b2000 	/System/Library/PrivateFrameworks/PerformanceAnalysis.framework/Versions/A/PerformanceAnalysis
0x00000000022b2000 	/System/Library/PrivateFrameworks/GenerationalStorage.framework/Versions/A/GenerationalStorage
0x00000000022b2000 	/System/Library/Frameworks/OpenGL.framework/Versions/A/OpenGL
0x00000000022b2000 	/System/Library/PrivateFrameworks/Sharing.framework/Versions/A/Sharing
0x00000000022b2000 	/System/Library/Frameworks/ImageIO.framework/Versions/A/ImageIO
0x00000000022b2000 	/System/Library/Frameworks/CoreText.framework/Versions/A/CoreText
0x00000000022b2000 	/System/Library/Frameworks/CoreGraphics.framework/Versions/A/CoreGraphics
0x00000000022b2000 	/System/Library/PrivateFrameworks/Backup.framework/Versions/A/Backup
0x00000000022b2000 	/System/Library/Frameworks/CFNetwork.framework/Versions/A/CFNetwork
0x00000000022b2000 	/System/Library/Frameworks/SystemConfiguration.framework/Versions/A/SystemConfiguration
0x00000000022b2000 	/usr/lib/libCRFSuite.dylib
0x00000000022b2000 	/usr/lib/libc++.1.dylib
0x00000000022b2000 	/usr/lib/libc++abi.dylib
0x00000000022b2000 	/usr/lib/system/libcache.dylib
0x00000000022b2000 	/usr/lib/system/libcommonCrypto.dylib
0x00000000022b2000 	/usr/lib/system/libcompiler_rt.dylib
0x00000000022b2000 	/usr/lib/system/libcopyfile.dylib
0x00000000022b2000 	/usr/lib/system/libcorecrypto.dylib
0x00000000022b2000 	/usr/lib/system/libdispatch.dylib
0x00000000022b2000 	/usr/lib/system/libdyld.dylib
0x00000000022b2000 	/usr/lib/system/libkeymgr.dylib
0x00000000022b2000 	/usr/lib/system/liblaunch.dylib
0x00000000022b2000 	/usr/lib/system/libmacho.dylib
0x00000000022b2000 	/usr/lib/system/libquarantine.dylib
0x00000000022b2000 	/usr/lib/system/libremovefile.dylib
0x00000000022b2000 	/usr/lib/system/libsystem_asl.dylib
0x00000000022b2000 	/usr/lib/system/libsystem_blocks.dylib
0x00000000022b2000 	/usr/lib/system/libsystem_c.dylib
0x00000000022b2000 	/usr/lib/system/libsystem_configuration.dylib
0x00000000022b2000 	/usr/lib/system/libsystem_dnssd.dylib
0x00000000022b2000 	/usr/lib/system/libsystem_info.dylib
0x00000000022b2000 	/usr/lib/system/libsystem_kernel.dylib
0x00000000022b2000 	/usr/lib/system/libsystem_m.dylib
0x00000000022b2000 	/usr/lib/system/libsystem_malloc.dylib
0x00000000022b2000 	/usr/lib/system/libsystem_network.dylib
0x00000000022b2000 	/usr/lib/system/libsystem_notify.dylib
0x00000000022b2000 	/usr/lib/system/libsystem_platform.dylib
0x00000000022b2000 	/usr/lib/system/libsystem_pthread.dylib
0x00000000022b2000 	/usr/lib/system/libsystem_sandbox.dylib
0x00000000022b2000 	/usr/lib/system/libsystem_stats.dylib
0x00000000022b2000 	/usr/lib/system/libunc.dylib
0x00000000022b2000 	/usr/lib/system/libunwind.dylib
0x00000000022b2000 	/usr/lib/system/libxpc.dylib
0x00000000022b2000 	/usr/lib/libbsm.0.dylib
0x00000000022b2000 	/usr/lib/libsqlite3.dylib
0x00000000022b2000 	/usr/lib/libxar.1.dylib
0x00000000022b2000 	/usr/lib/libpam.2.dylib
0x00000000022b2000 	/usr/lib/libOpenScriptingUtil.dylib
0x00000000022b2000 	/usr/lib/libbz2.1.0.dylib
0x00000000022b2000 	/System/Library/Frameworks/CoreServices.framework/Versions/A/Frameworks/CarbonCore.framework/Versions/A/CarbonCore
0x00000000022b2000 	/System/Library/Frameworks/CoreServices.framework/Versions/A/Frameworks/Metadata.framework/Versions/A/Metadata
0x00000000022b2000 	/System/Library/Frameworks/CoreServices.framework/Versions/A/Frameworks/OSServices.framework/Versions/A/OSServices
0x00000000022b2000 	/System/Library/Frameworks/CoreServices.framework/Versions/A/Frameworks/SearchKit.framework/Versions/A/SearchKit
0x00000000022b2000 	/System/Library/Frameworks/CoreServices.framework/Versions/A/Frameworks/AE.framework/Versions/A/AE
0x00000000022b2000 	/System/Library/Frameworks/CoreServices.framework/Versions/A/Frameworks/LaunchServices.framework/Versions/A/LaunchServices
0x00000000022b2000 	/System/Library/Frameworks/CoreServices.framework/Versions/A/Frameworks/DictionaryServices.framework/Versions/A/DictionaryServices
0x00000000022b2000 	/System/Library/Frameworks/NetFS.framework/Versions/A/NetFS
0x00000000022b2000 	/usr/lib/system/libkxld.dylib
0x00000000022b2000 	/System/Library/PrivateFrameworks/NetAuth.framework/Versions/A/NetAuth
0x00000000022b2000 	/System/Library/PrivateFrameworks/TCC.framework/Versions/A/TCC
0x00000000022b2000 	/System/Library/Frameworks/OpenDirectory.framework/Versions/A/Frameworks/CFOpenDirectory.framework/Versions/A/CFOpenDirectory
0x00000000022b2000 	/System/Library/Frameworks/ServiceManagement.framework/Versions/A/ServiceManagement
0x00000000022b2000 	/usr/lib/libxslt.1.dylib
0x00000000022b2000 	/System/Library/Frameworks/Carbon.framework/Versions/A/Frameworks/Ink.framework/Versions/A/Ink
0x00000000022b2000 	/System/Library/Frameworks/ApplicationServices.framework/Versions/A/Frameworks/ATS.framework/Versions/A/ATS
0x00000000022b2000 	/System/Library/Frameworks/ApplicationServices.framework/Versions/A/Frameworks/ColorSync.framework/Versions/A/ColorSync
0x00000000022b2000 	/System/Library/Frameworks/ApplicationServices.framework/Versions/A/Frameworks/HIServices.framework/Versions/A/HIServices
0x00000000022b2000 	/System/Library/Frameworks/ApplicationServices.framework/Versions/A/Frameworks/LangAnalysis.framework/Versions/A/LangAnalysis
0x00000000022b2000 	/System/Library/Frameworks/ApplicationServices.framework/Versions/A/Frameworks/PrintCore.framework/Versions/A/PrintCore
0x00000000022b2000 	/System/Library/Frameworks/ApplicationServices.framework/Versions/A/Frameworks/QD.framework/Versions/A/QD
0x00000000022b2000 	/System/Library/Frameworks/ApplicationServices.framework/Versions/A/Frameworks/SpeechSynthesis.framework/Versions/A/SpeechSynthesis
0x00000000022b2000 	/System/Library/Frameworks/IOSurface.framework/Versions/A/IOSurface
0x00000000022b2000 	/System/Library/Frameworks/Accelerate.framework/Versions/A/Accelerate
0x00000000022b2000 	/System/Library/Frameworks/Accelerate.framework/Versions/A/Frameworks/vImage.framework/Versions/A/vImage
0x00000000022b2000 	/System/Library/Frameworks/Accelerate.framework/Versions/A/Frameworks/vecLib.framework/Versions/A/vecLib
0x00000000022b2000 	/System/Library/Frameworks/Accelerate.framework/Versions/A/Frameworks/vecLib.framework/Versions/A/libvDSP.dylib
0x00000000022b2000 	/System/Library/Frameworks/Accelerate.framework/Versions/A/Frameworks/vecLib.framework/Versions/A/libvMisc.dylib
0x00000000022b2000 	/System/Library/Frameworks/Accelerate.framework/Versions/A/Frameworks/vecLib.framework/Versions/A/libLAPACK.dylib
0x00000000022b2000 	/System/Library/Frameworks/Accelerate.framework/Versions/A/Frameworks/vecLib.framework/Versions/A/libBLAS.dylib
0x00000000022b2000 	/System/Library/Frameworks/ApplicationServices.framework/Versions/A/Frameworks/ATS.framework/Versions/A/Resources/libFontParser.dylib
0x00000000022b2000 	/System/Library/Frameworks/ApplicationServices.framework/Versions/A/Frameworks/ATS.framework/Versions/A/Resources/libFontRegistry.dylib
0x00000000022b2000 	/System/Library/Frameworks/ImageIO.framework/Versions/A/Resources/libJPEG.dylib
0x00000000022b2000 	/System/Library/Frameworks/ImageIO.framework/Versions/A/Resources/libTIFF.dylib
0x00000000022b2000 	/System/Library/Frameworks/ImageIO.framework/Versions/A/Resources/libPng.dylib
0x00000000022b2000 	/System/Library/Frameworks/ImageIO.framework/Versions/A/Resources/libGIF.dylib
0x00000000022b2000 	/System/Library/Frameworks/ImageIO.framework/Versions/A/Resources/libJP2.dylib
0x00000000022b2000 	/System/Library/Frameworks/ImageIO.framework/Versions/A/Resources/libRadiance.dylib
0x00000000022b2000 	/usr/lib/libcups.2.dylib
0x00000000022b2000 	/System/Library/Frameworks/Kerberos.framework/Versions/A/Kerberos
0x00000000022b2000 	/System/Library/Frameworks/GSS.framework/Versions/A/GSS
0x00000000022b2000 	/usr/lib/libresolv.9.dylib
0x00000000022b2000 	/usr/lib/libiconv.2.dylib
0x00000000022b2000 	/System/Library/PrivateFrameworks/Heimdal.framework/Versions/A/Heimdal
0x00000000022b2000 	/System/Library/PrivateFrameworks/TrustEvaluationAgent.framework/Versions/A/TrustEvaluationAgent
0x00000000022b2000 	/usr/lib/libheimdal-asn1.dylib
0x00000000022b2000 	/System/Library/Frameworks/OpenDirectory.framework/Versions/A/OpenDirectory
0x00000000022b2000 	/System/Library/PrivateFrameworks/CommonAuth.framework/Versions/A/CommonAuth
0x00000000022b2000 	/System/Library/Frameworks/SecurityFoundation.framework/Versions/A/SecurityFoundation
0x00000000022b2000 	/System/Library/PrivateFrameworks/Bom.framework/Versions/A/Bom
0x00000000022b2000 	/System/Library/Frameworks/CoreVideo.framework/Versions/A/CoreVideo
0x00000000022b2000 	/System/Library/Frameworks/QuartzCore.framework/Versions/A/Frameworks/CoreImage.framework/Versions/A/CoreImage
0x00000000022b2000 	/System/Library/Frameworks/QuartzCore.framework/Versions/A/Frameworks/ScalableUserInterface.framework/Versions/A/ScalableUserInterface
0x00000000022b2000 	/System/Library/Frameworks/OpenGL.framework/Versions/A/Libraries/libGLU.dylib
0x00000000022b2000 	/System/Library/Frameworks/OpenGL.framework/Versions/A/Libraries/libGFXShared.dylib
0x00000000022b2000 	/System/Library/Frameworks/OpenGL.framework/Versions/A/Libraries/libGL.dylib
0x00000000022b2000 	/System/Library/Frameworks/OpenGL.framework/Versions/A/Libraries/libGLImage.dylib
0x00000000022b2000 	/System/Library/Frameworks/OpenGL.framework/Versions/A/Libraries/libCVMSPluginSupport.dylib
0x00000000022b2000 	/System/Library/Frameworks/OpenGL.framework/Versions/A/Libraries/libCoreVMClient.dylib
0x00000000022b2000 	/System/Library/PrivateFrameworks/FaceCore.framework/Versions/A/FaceCore
0x00000000022b2000 	/System/Library/PrivateFrameworks/CrashReporterSupport.framework/Versions/A/CrashReporterSupport
0x00000000022b2000 	/System/Library/Frameworks/OpenCL.framework/Versions/A/OpenCL
0x00000000022b2000 	/System/Library/PrivateFrameworks/AppleFSCompression.framework/Versions/A/AppleFSCompression
0x00000000022b2000 	/System/Library/PrivateFrameworks/Ubiquity.framework/Versions/A/Ubiquity
0x00000000022b2000 	/System/Library/PrivateFrameworks/IconServices.framework/Versions/A/IconServices
0x00000000022b2000 	/System/Library/PrivateFrameworks/ChunkingLibrary.framework/Versions/A/ChunkingLibrary
0x00000000022b2000 	/System/Library/PrivateFrameworks/CoreSymbolication.framework/Versions/A/CoreSymbolication
0x00000000022b2000 	/System/Library/PrivateFrameworks/Symbolication.framework/Versions/A/Symbolication
0x00000000022b2000 	/System/Library/PrivateFrameworks/DebugSymbols.framework/Versions/A/DebugSymbols
0x000000010e400000 	/Library/Java/JavaVirtualMachines/jdk1.7.0_25.jdk/Contents/Home/jre/lib/server/libjvm.dylib
0x00000000022b2000 	/usr/lib/libstdc++.6.dylib
0x000000010dbb9000 	/Library/Java/JavaVirtualMachines/jdk1.7.0_25.jdk/Contents/Home/jre/lib/libverify.dylib
0x000000010dbc6000 	/Library/Java/JavaVirtualMachines/jdk1.7.0_25.jdk/Contents/Home/jre/lib/libjava.dylib
0x000000010efac000 	/Library/Java/JavaVirtualMachines/jdk1.7.0_25.jdk/Contents/Home/jre/lib/libzip.dylib
0x000000012eda7000 	/System/Library/Frameworks/JavaVM.framework/Frameworks/JavaRuntimeSupport.framework/JavaRuntimeSupport
0x000000012edbf000 	/System/Library/Frameworks/JavaVM.framework/Versions/A/Frameworks/JavaNativeFoundation.framework/Versions/A/JavaNativeFoundation
0x000000012edd4000 	/System/Library/Frameworks/JavaVM.framework/Versions/A/JavaVM
0x00000000022b2000 	/System/Library/Frameworks/Carbon.framework/Versions/A/Carbon
0x000000012ede1000 	/System/Library/PrivateFrameworks/JavaLaunching.framework/Versions/A/JavaLaunching
0x00000000022b2000 	/System/Library/Frameworks/Carbon.framework/Versions/A/Frameworks/CommonPanels.framework/Versions/A/CommonPanels
0x00000000022b2000 	/System/Library/Frameworks/Carbon.framework/Versions/A/Frameworks/Help.framework/Versions/A/Help
0x00000000022b2000 	/System/Library/Frameworks/Carbon.framework/Versions/A/Frameworks/ImageCapture.framework/Versions/A/ImageCapture
0x00000000022b2000 	/System/Library/Frameworks/Carbon.framework/Versions/A/Frameworks/OpenScripting.framework/Versions/A/OpenScripting
0x00000000022b2000 	/System/Library/Frameworks/Carbon.framework/Versions/A/Frameworks/Print.framework/Versions/A/Print
0x00000000022b2000 	/System/Library/Frameworks/Carbon.framework/Versions/A/Frameworks/SecurityHI.framework/Versions/A/SecurityHI
0x000000012f4e0000 	/Library/Java/JavaVirtualMachines/jdk1.7.0_25.jdk/Contents/Home/jre/lib/libawt.dylib
0x000000012f590000 	/Library/Java/JavaVirtualMachines/jdk1.7.0_25.jdk/Contents/Home/jre/lib/./libmlib_image.dylib
0x000000012f65c000 	/Library/Java/JavaVirtualMachines/jdk1.7.0_25.jdk/Contents/Home/jre/lib/lwawt/liblwawt.dylib
0x000000012f70f000 	/Library/Java/JavaVirtualMachines/jdk1.7.0_25.jdk/Contents/Home/jre/lib/libosxapp.dylib
0x00000000022b2000 	/System/Library/Frameworks/ExceptionHandling.framework/Versions/A/ExceptionHandling
0x00000000022b2000 	/System/Library/PrivateFrameworks/CoreServicesInternal.framework/Versions/A/CoreServicesInternal
0x00000000022b2000 	/System/Library/PrivateFrameworks/Librarian.framework/Versions/A/Librarian
0x00000000022b2000 	/System/Library/Frameworks/CoreGraphics.framework/Versions/A/Resources/libCGCMS.A.dylib
0x00000000022b2000 	/System/Library/Frameworks/CoreGraphics.framework/Versions/A/Resources/libRIP.A.dylib
0x00000000022b2000 	/System/Library/Frameworks/CoreGraphics.framework/Versions/A/Resources/libCGXType.A.dylib
0x00000000022b2000 	/System/Library/PrivateFrameworks/FamilyControls.framework/Versions/A/FamilyControls
0x00000000022b2000 	/System/Library/PrivateFrameworks/CommerceKit.framework/Versions/A/Frameworks/CommerceCore.framework/Versions/A/CommerceCore
0x00000000022b2000 	/System/Library/PrivateFrameworks/SystemAdministration.framework/Versions/A/SystemAdministration
0x00000000022b2000 	/System/Library/Frameworks/DirectoryService.framework/Versions/A/DirectoryService
0x00000000022b2000 	/System/Library/PrivateFrameworks/DiskImages.framework/Versions/A/DiskImages
0x00000000022b2000 	/System/Library/PrivateFrameworks/LoginUIKit.framework/Versions/A/Frameworks/LoginUICore.framework/Versions/A/LoginUICore
0x00000000022b2000 	/usr/lib/libCoreStorage.dylib
0x00000000022b2000 	/usr/lib/libcsfde.dylib
0x00000000022b2000 	/usr/lib/libodfde.dylib
0x00000000022b2000 	/System/Library/Frameworks/DiscRecording.framework/Versions/A/DiscRecording
0x00000000022b2000 	/usr/lib/libcurl.4.dylib
0x00000000022b2000 	/System/Library/PrivateFrameworks/MediaKit.framework/Versions/A/MediaKit
0x00000000022b2000 	/System/Library/PrivateFrameworks/EFILogin.framework/Versions/A/EFILogin
0x00000000022b2000 	/usr/lib/libutil.dylib
0x00000000022b2000 	/System/Library/PrivateFrameworks/AOSNotification.framework/Versions/A/AOSNotification
0x00000000022b2000 	/System/Library/Frameworks/LDAP.framework/Versions/A/LDAP
0x00000000022b2000 	/usr/lib/libsasl2.2.dylib
0x00000000022b2000 	/usr/lib/libcrypto.0.9.8.dylib
0x00000000022b2000 	/usr/lib/libssl.0.9.8.dylib
0x00000001324fb000 	/Library/Java/JavaVirtualMachines/jdk1.7.0_25.jdk/Contents/Home/jre/lib/libfontmanager.dylib
0x0000000133d18000 	/Users/elvirajonsson/Development/BoboThePanda/bobothepanda/project/bobothepanda/target/natives/liblwjgl.jnilib
0x000000013104f000 	/Library/Java/JavaVirtualMachines/jdk1.7.0_25.jdk/Contents/Home/jre/lib/libjawt.dylib
0x0000000131ca2000 	/Library/Java/JavaVirtualMachines/jdk1.7.0_25.jdk/Contents/Home/jre/lib/libnio.dylib
0x0000000132565000 	/Library/Java/JavaVirtualMachines/jdk1.7.0_25.jdk/Contents/Home/jre/lib/./libnet.dylib
0x00000000022b2000 	/System/Library/Frameworks/OpenGL.framework/Versions/A/Resources/GLEngine.bundle/GLEngine
0x00000000022b2000 	/System/Library/Frameworks/OpenGL.framework/Versions/A/Libraries/libGLProgrammability.dylib
0x0000000000000000 	/System/Library/Extensions/AppleIntelHD5000GraphicsGLDriver.bundle/Contents/MacOS/AppleIntelHD5000GraphicsGLDriver
0x00000000022b2000 	/System/Library/PrivateFrameworks/IOAccelerator.framework/Versions/A/IOAccelerator
0x00000000022b2000 	/System/Library/PrivateFrameworks/GPUSupport.framework/Versions/A/Libraries/libGPUSupportMercury.dylib
0x00000000022b2000 	/System/Library/Frameworks/OpenGL.framework/Versions/A/Resources/GLRendererFloat.bundle/GLRendererFloat
0x00000000022b2000 	/System/Library/Frameworks/OpenCL.framework/Versions/A/Libraries/libcldcpuengine.dylib
0x0000000133d12000 	/Users/elvirajonsson/Development/BoboThePanda/bobothepanda/project/bobothepanda/target/natives/libjinput-osx.jnilib
0x0000000134774000 	/System/Library/Extensions/IOHIDFamily.kext/Contents/PlugIns/IOHIDLib.plugin/Contents/MacOS/IOHIDLib

VM Arguments:
jvm_args: -Djava.library.path=/Users/elvirajonsson/Development/BoboThePanda/bobothepanda/project/bobothepanda/target/natives -Dfile.encoding=UTF-8 
java_command: jar.SimpleSlickGame
Launcher Type: SUN_STANDARD

Environment Variables:
PATH=/usr/bin:/bin:/usr/sbin:/sbin
SHELL=/bin/bash

Signal Handlers:
SIGSEGV: [libjvm.dylib+0x4a820f], sa_mask[0]=0xfffefeff, sa_flags=0x00000042
SIGBUS: [libjvm.dylib+0x4a820f], sa_mask[0]=0xfffefeff, sa_flags=0x00000042
SIGFPE: [libjvm.dylib+0x3b7495], sa_mask[0]=0xfffefeff, sa_flags=0x00000042
SIGPIPE: [libjvm.dylib+0x3b7495], sa_mask[0]=0xfffefeff, sa_flags=0x00000042
SIGXFSZ: [libjvm.dylib+0x3b7495], sa_mask[0]=0xfffefeff, sa_flags=0x00000042
SIGILL: [libjvm.dylib+0x3b7495], sa_mask[0]=0xfffefeff, sa_flags=0x00000042
SIGUSR1: SIG_DFL, sa_mask[0]=0x00000000, sa_flags=0x00000002
SIGUSR2: [libjvm.dylib+0x3b702e], sa_mask[0]=0x00000004, sa_flags=0x00000042
SIGHUP: [libjvm.dylib+0x3b528f], sa_mask[0]=0xfffefeff, sa_flags=0x00000042
SIGINT: [libjvm.dylib+0x3b528f], sa_mask[0]=0xfffefeff, sa_flags=0x00000042
SIGTERM: [libjvm.dylib+0x3b528f], sa_mask[0]=0xfffefeff, sa_flags=0x00000042
SIGQUIT: [libjvm.dylib+0x3b528f], sa_mask[0]=0xfffefeff, sa_flags=0x00000042


---------------  S Y S T E M  ---------------

OS:Bsduname:Darwin 13.1.0 Darwin Kernel Version 13.1.0: Thu Jan 16 19:40:37 PST 2014; root:xnu-2422.90.20~2/RELEASE_X86_64 x86_64
rlimit: STACK 8192k, CORE 0k, NPROC 709, NOFILE 10240, AS infinity
load average:1.44 1.39 1.38

CPU:total 4 (2 cores per cpu, 2 threads per core) family 6 model 69 stepping 1, cmov, cx8, fxsr, mmx, sse, sse2, sse3, ssse3, sse4.1, sse4.2, popcnt, avx, avx2, ht, tsc, tscinvbit

Memory: 4k page, physical 1523404k(380851k free)

/proc/meminfo:


vm_info: Java HotSpot(TM) 64-Bit Server VM (23.25-b01) for bsd-amd64 JRE (1.7.0_25-b15), built on Jun  5 2013 22:26:36 by "java_re" with gcc 4.2.1 (Based on Apple Inc. build 5658) (LLVM build 2336.11.00)

time: Sun Mar 30 21:41:09 2014
elapsed time: 17 seconds

